<?xml version="1.0" encoding="UTF-8"?>
<!-- Generated by org.testng.reporters.JUnitXMLReporter -->
<testsuite ignored="0" hostname="DESKTOP-JER1GPA" failures="0" tests="3" name="Surefire test" time="70.978" errors="0" timestamp="2023-02-15T10:47:00 IST">
  <testcase classname="swethapanchumarthy.Tests.SubmitOrderTest" name="submitOrder" time="4.972"/>
  <testcase classname="swethapanchumarthy.Tests.SubmitOrderTest" name="submitOrder" time="5.06"/>
  <testcase classname="swethapanchumarthy.Tests.SubmitOrderTest" name="OrderHistoryTest" time="0.781"/>
</testsuite> <!-- Surefire test -->
