<?xml version="1.0" encoding="UTF-8"?>
<!-- Generated by org.testng.reporters.JUnitXMLReporter -->
<testsuite ignored="0" hostname="DESKTOP-JER1GPA" failures="0" tests="3" name="Submit Order Test" time="27.283" errors="0" timestamp="2023-02-13T10:02:04 IST">
  <testcase classname="swethapanchumarthy.Tests.SubmitOrderTest" name="submitOrder" time="5.695"/>
  <testcase classname="swethapanchumarthy.Tests.SubmitOrderTest" name="submitOrder" time="4.976"/>
  <testcase classname="swethapanchumarthy.Tests.SubmitOrderTest" name="OrderHistoryTest" time="0.939"/>
</testsuite> <!-- Submit Order Test -->
