<?xml version="1.0" encoding="UTF-8"?>
<!-- Generated by org.testng.reporters.JUnitXMLReporter -->
<testsuite ignored="0" hostname="DESKTOP-JER1GPA" failures="0" tests="3" name="Test" time="21.065" errors="0" timestamp="2023-02-06T12:01:12 IST">
  <testcase classname="swethapanchumarthy.Tests.SubmitOrderTest" name="submitOrder" time="4.994"/>
  <testcase classname="swethapanchumarthy.Tests.ErrorValidations" name="loginerrorValidation" time="0.569"/>
  <testcase classname="swethapanchumarthy.Tests.ErrorValidations" name="producterrorValidation" time="4.21"/>
</testsuite> <!-- Test -->
